Determining if the pthread_create exist failed with the following output:
Change Dir: /home/jerom/turtlebot_ws/build/CMakeFiles/CMakeTmp

Run Build Command:"/usr/bin/make" "cmTC_be371/fast"
/usr/bin/make -f CMakeFiles/cmTC_be371.dir/build.make CMakeFiles/cmTC_be371.dir/build
make[1]: Entering directory '/home/jerom/turtlebot_ws/build/CMakeFiles/CMakeTmp'
Building C object CMakeFiles/cmTC_be371.dir/CheckSymbolExists.c.o
/usr/bin/cc    -o CMakeFiles/cmTC_be371.dir/CheckSymbolExists.c.o   -c /home/jerom/turtlebot_ws/build/CMakeFiles/CMakeTmp/CheckSymbolExists.c
Linking C executable cmTC_be371
/usr/bin/cmake -E cmake_link_script CMakeFiles/cmTC_be371.dir/link.txt --verbose=1
/usr/bin/cc      -rdynamic CMakeFiles/cmTC_be371.dir/CheckSymbolExists.c.o  -o cmTC_be371 
CMakeFiles/cmTC_be371.dir/CheckSymbolExists.c.o: In function `main':
CheckSymbolExists.c:(.text+0x1b): undefined reference to `pthread_create'
collect2: error: ld returned 1 exit status
CMakeFiles/cmTC_be371.dir/build.make:97: recipe for target 'cmTC_be371' failed
make[1]: *** [cmTC_be371] Error 1
make[1]: Leaving directory '/home/jerom/turtlebot_ws/build/CMakeFiles/CMakeTmp'
Makefile:126: recipe for target 'cmTC_be371/fast' failed
make: *** [cmTC_be371/fast] Error 2

File /home/jerom/turtlebot_ws/build/CMakeFiles/CMakeTmp/CheckSymbolExists.c:
/* */
#include <pthread.h>

int main(int argc, char** argv)
{
  (void)argv;
#ifndef pthread_create
  return ((int*)(&pthread_create))[argc];
#else
  (void)argc;
  return 0;
#endif
}

Determining if the function pthread_create exists in the pthreads failed with the following output:
Change Dir: /home/jerom/turtlebot_ws/build/CMakeFiles/CMakeTmp

Run Build Command:"/usr/bin/make" "cmTC_342ab/fast"
/usr/bin/make -f CMakeFiles/cmTC_342ab.dir/build.make CMakeFiles/cmTC_342ab.dir/build
make[1]: Entering directory '/home/jerom/turtlebot_ws/build/CMakeFiles/CMakeTmp'
Building C object CMakeFiles/cmTC_342ab.dir/CheckFunctionExists.c.o
/usr/bin/cc   -DCHECK_FUNCTION_EXISTS=pthread_create   -o CMakeFiles/cmTC_342ab.dir/CheckFunctionExists.c.o   -c /usr/share/cmake-3.10/Modules/CheckFunctionExists.c
Linking C executable cmTC_342ab
/usr/bin/cmake -E cmake_link_script CMakeFiles/cmTC_342ab.dir/link.txt --verbose=1
/usr/bin/cc  -DCHECK_FUNCTION_EXISTS=pthread_create    -rdynamic CMakeFiles/cmTC_342ab.dir/CheckFunctionExists.c.o  -o cmTC_342ab -lpthreads 
/usr/bin/ld: cannot find -lpthreads
collect2: error: ld returned 1 exit status
CMakeFiles/cmTC_342ab.dir/build.make:97: recipe for target 'cmTC_342ab' failed
make[1]: *** [cmTC_342ab] Error 1
make[1]: Leaving directory '/home/jerom/turtlebot_ws/build/CMakeFiles/CMakeTmp'
Makefile:126: recipe for target 'cmTC_342ab/fast' failed
make: *** [cmTC_342ab/fast] Error 2


Determining if the include file pgm.h exists failed with the following output:
Change Dir: /home/jerom/turtlebot_ws/build/CMakeFiles/CMakeTmp

Run Build Command:"/usr/bin/make" "cmTC_09bf9/fast"
/usr/bin/make -f CMakeFiles/cmTC_09bf9.dir/build.make CMakeFiles/cmTC_09bf9.dir/build
make[1]: Entering directory '/home/jerom/turtlebot_ws/build/CMakeFiles/CMakeTmp'
Building CXX object CMakeFiles/cmTC_09bf9.dir/CheckIncludeFile.cxx.o
/usr/bin/c++     -o CMakeFiles/cmTC_09bf9.dir/CheckIncludeFile.cxx.o -c /home/jerom/turtlebot_ws/build/CMakeFiles/CMakeTmp/CheckIncludeFile.cxx
/home/jerom/turtlebot_ws/build/CMakeFiles/CMakeTmp/CheckIncludeFile.cxx:1:10: fatal error: pgm.h: No such file or directory
 #include <pgm.h>
          ^~~~~~~
compilation terminated.
CMakeFiles/cmTC_09bf9.dir/build.make:65: recipe for target 'CMakeFiles/cmTC_09bf9.dir/CheckIncludeFile.cxx.o' failed
make[1]: *** [CMakeFiles/cmTC_09bf9.dir/CheckIncludeFile.cxx.o] Error 1
make[1]: Leaving directory '/home/jerom/turtlebot_ws/build/CMakeFiles/CMakeTmp'
Makefile:126: recipe for target 'cmTC_09bf9/fast' failed
make: *** [cmTC_09bf9/fast] Error 2


Determining if the Q_WS_WIN exist failed with the following output:
Change Dir: /home/jerom/turtlebot_ws/build/CMakeFiles/CMakeTmp

Run Build Command:"/usr/bin/make" "cmTC_ae97b/fast"
make[1]: Entering directory '/home/jerom/turtlebot_ws/build/CMakeFiles/CMakeTmp'
/usr/bin/make -f CMakeFiles/cmTC_ae97b.dir/build.make CMakeFiles/cmTC_ae97b.dir/build
make[2]: Entering directory '/home/jerom/turtlebot_ws/build/CMakeFiles/CMakeTmp'
Building CXX object CMakeFiles/cmTC_ae97b.dir/CheckSymbolExists.cxx.o
/usr/bin/c++   -I/usr/include/qt4   -o CMakeFiles/cmTC_ae97b.dir/CheckSymbolExists.cxx.o -c /home/jerom/turtlebot_ws/build/CMakeFiles/CMakeTmp/CheckSymbolExists.cxx
/home/jerom/turtlebot_ws/build/CMakeFiles/CMakeTmp/CheckSymbolExists.cxx: In function ‘int main(int, char**)’:
/home/jerom/turtlebot_ws/build/CMakeFiles/CMakeTmp/CheckSymbolExists.cxx:8:19: error: ‘Q_WS_WIN’ was not declared in this scope
   return ((int*)(&Q_WS_WIN))[argc];
                   ^~~~~~~~
/home/jerom/turtlebot_ws/build/CMakeFiles/CMakeTmp/CheckSymbolExists.cxx:8:19: note: suggested alternative: ‘Q_WS_X11’
   return ((int*)(&Q_WS_WIN))[argc];
                   ^~~~~~~~
                   Q_WS_X11
CMakeFiles/cmTC_ae97b.dir/build.make:65: recipe for target 'CMakeFiles/cmTC_ae97b.dir/CheckSymbolExists.cxx.o' failed
make[2]: *** [CMakeFiles/cmTC_ae97b.dir/CheckSymbolExists.cxx.o] Error 1
make[2]: Leaving directory '/home/jerom/turtlebot_ws/build/CMakeFiles/CMakeTmp'
Makefile:126: recipe for target 'cmTC_ae97b/fast' failed
make[1]: *** [cmTC_ae97b/fast] Error 2
make[1]: Leaving directory '/home/jerom/turtlebot_ws/build/CMakeFiles/CMakeTmp'

File /home/jerom/turtlebot_ws/build/CMakeFiles/CMakeTmp/CheckSymbolExists.cxx:
/* */
#include <QtCore/qglobal.h>

int main(int argc, char** argv)
{
  (void)argv;
#ifndef Q_WS_WIN
  return ((int*)(&Q_WS_WIN))[argc];
#else
  (void)argc;
  return 0;
#endif
}

Determining if the Q_WS_QWS exist failed with the following output:
Change Dir: /home/jerom/turtlebot_ws/build/CMakeFiles/CMakeTmp

Run Build Command:"/usr/bin/make" "cmTC_edb73/fast"
make[1]: Entering directory '/home/jerom/turtlebot_ws/build/CMakeFiles/CMakeTmp'
/usr/bin/make -f CMakeFiles/cmTC_edb73.dir/build.make CMakeFiles/cmTC_edb73.dir/build
make[2]: Entering directory '/home/jerom/turtlebot_ws/build/CMakeFiles/CMakeTmp'
Building CXX object CMakeFiles/cmTC_edb73.dir/CheckSymbolExists.cxx.o
/usr/bin/c++   -I/usr/include/qt4   -o CMakeFiles/cmTC_edb73.dir/CheckSymbolExists.cxx.o -c /home/jerom/turtlebot_ws/build/CMakeFiles/CMakeTmp/CheckSymbolExists.cxx
/home/jerom/turtlebot_ws/build/CMakeFiles/CMakeTmp/CheckSymbolExists.cxx: In function ‘int main(int, char**)’:
/home/jerom/turtlebot_ws/build/CMakeFiles/CMakeTmp/CheckSymbolExists.cxx:8:19: error: ‘Q_WS_QWS’ was not declared in this scope
   return ((int*)(&Q_WS_QWS))[argc];
                   ^~~~~~~~
/home/jerom/turtlebot_ws/build/CMakeFiles/CMakeTmp/CheckSymbolExists.cxx:8:19: note: suggested alternative: ‘Q_WS_X11’
   return ((int*)(&Q_WS_QWS))[argc];
                   ^~~~~~~~
                   Q_WS_X11
CMakeFiles/cmTC_edb73.dir/build.make:65: recipe for target 'CMakeFiles/cmTC_edb73.dir/CheckSymbolExists.cxx.o' failed
make[2]: *** [CMakeFiles/cmTC_edb73.dir/CheckSymbolExists.cxx.o] Error 1
make[2]: Leaving directory '/home/jerom/turtlebot_ws/build/CMakeFiles/CMakeTmp'
Makefile:126: recipe for target 'cmTC_edb73/fast' failed
make[1]: *** [cmTC_edb73/fast] Error 2
make[1]: Leaving directory '/home/jerom/turtlebot_ws/build/CMakeFiles/CMakeTmp'

File /home/jerom/turtlebot_ws/build/CMakeFiles/CMakeTmp/CheckSymbolExists.cxx:
/* */
#include <QtCore/qglobal.h>

int main(int argc, char** argv)
{
  (void)argv;
#ifndef Q_WS_QWS
  return ((int*)(&Q_WS_QWS))[argc];
#else
  (void)argc;
  return 0;
#endif
}

Determining if the Q_WS_MAC exist failed with the following output:
Change Dir: /home/jerom/turtlebot_ws/build/CMakeFiles/CMakeTmp

Run Build Command:"/usr/bin/make" "cmTC_424d7/fast"
make[1]: Entering directory '/home/jerom/turtlebot_ws/build/CMakeFiles/CMakeTmp'
/usr/bin/make -f CMakeFiles/cmTC_424d7.dir/build.make CMakeFiles/cmTC_424d7.dir/build
make[2]: Entering directory '/home/jerom/turtlebot_ws/build/CMakeFiles/CMakeTmp'
Building CXX object CMakeFiles/cmTC_424d7.dir/CheckSymbolExists.cxx.o
/usr/bin/c++   -I/usr/include/qt4   -o CMakeFiles/cmTC_424d7.dir/CheckSymbolExists.cxx.o -c /home/jerom/turtlebot_ws/build/CMakeFiles/CMakeTmp/CheckSymbolExists.cxx
/home/jerom/turtlebot_ws/build/CMakeFiles/CMakeTmp/CheckSymbolExists.cxx: In function ‘int main(int, char**)’:
/home/jerom/turtlebot_ws/build/CMakeFiles/CMakeTmp/CheckSymbolExists.cxx:8:19: error: ‘Q_WS_MAC’ was not declared in this scope
   return ((int*)(&Q_WS_MAC))[argc];
                   ^~~~~~~~
/home/jerom/turtlebot_ws/build/CMakeFiles/CMakeTmp/CheckSymbolExists.cxx:8:19: note: suggested alternative: ‘Q_WS_X11’
   return ((int*)(&Q_WS_MAC))[argc];
                   ^~~~~~~~
                   Q_WS_X11
CMakeFiles/cmTC_424d7.dir/build.make:65: recipe for target 'CMakeFiles/cmTC_424d7.dir/CheckSymbolExists.cxx.o' failed
make[2]: *** [CMakeFiles/cmTC_424d7.dir/CheckSymbolExists.cxx.o] Error 1
make[2]: Leaving directory '/home/jerom/turtlebot_ws/build/CMakeFiles/CMakeTmp'
Makefile:126: recipe for target 'cmTC_424d7/fast' failed
make[1]: *** [cmTC_424d7/fast] Error 2
make[1]: Leaving directory '/home/jerom/turtlebot_ws/build/CMakeFiles/CMakeTmp'

File /home/jerom/turtlebot_ws/build/CMakeFiles/CMakeTmp/CheckSymbolExists.cxx:
/* */
#include <QtCore/qglobal.h>

int main(int argc, char** argv)
{
  (void)argv;
#ifndef Q_WS_MAC
  return ((int*)(&Q_WS_MAC))[argc];
#else
  (void)argc;
  return 0;
#endif
}

